(a,(a,(1,0)))
(:,(-1,-1))
(integer,(-1,-1))
(b,(b,(1,1)))
(:,(-1,-1))
(integer,(-1,-1))
(c,(c,(1,2)))
(:,(-1,-1))
(integer,(-1,-1))
(max,(max,(3,0)))
(:,(-1,-1))
(integer,(-1,-1))
(read,(-1,-1))
((,(-1,-1))
(a,(a,(1,0)))
(),(-1,-1))
(read,(-1,-1))
((,(-1,-1))
(b,(b,(1,1)))
(),(-1,-1))
(read,(-1,-1))
((,(-1,-1))
(c,(c,(1,2)))
(),(-1,-1))
(if,(-1,-1))
((,(-1,-1))
(a,(a,(1,0)))
(>,(-1,-1))
(b,(b,(1,1)))
(and,(and,(3,1)))
(a,(a,(1,0)))
(>,(-1,-1))
(c,(c,(1,2)))
(),(-1,-1))
(max,(max,(3,0)))
(<-,(-1,-1))
(a,(a,(1,0)))
(else,(-1,-1))
(if,(-1,-1))
((,(-1,-1))
(b,(b,(1,1)))
(>,(-1,-1))
(a,(a,(1,0)))
(and,(and,(3,1)))
(b,(b,(1,1)))
(>,(-1,-1))
(c,(c,(1,2)))
(),(-1,-1))
(max,(max,(3,0)))
(<-,(-1,-1))
(b,(b,(1,1)))
(else,(-1,-1))
(if,(-1,-1))
((,(-1,-1))
(c,(c,(1,2)))
(>=,(-1,-1))
(a,(a,(1,0)))
(and,(and,(3,1)))
(c,(c,(1,2)))
(>=,(-1,-1))
(b,(b,(1,1)))
(),(-1,-1))
(max,(max,(3,0)))
(<-,(-1,-1))
(c,(c,(1,2)))